{"numTotalTestSuites":4,"numPassedTestSuites":4,"numFailedTestSuites":0,"numPendingTestSuites":0,"numTotalTests":2,"numPassedTests":2,"numFailedTests":0,"numPendingTests":0,"numTodoTests":0,"snapshot":{"added":0,"failure":false,"filesAdded":0,"filesRemoved":0,"filesRemovedList":[],"filesUnmatched":0,"filesUpdated":0,"matched":0,"total":0,"unchecked":0,"uncheckedKeysByFile":[],"unmatched":0,"updated":0,"didUpdate":false},"startTime":1722448909156,"success":true,"testResults":[{"assertionResults":[{"ancestorTitles":["Flaky test"],"fullName":"Flaky test should be flaky","status":"passed","title":"should be flaky","duration":0,"failureMessages":[],"meta":{}}],"startTime":1722448909378,"endTime":1722448909378,"status":"passed","message":"","name":"/Users/scott.kaye/Code/Personal/playground/test/flaky1.test.js"},{"assertionResults":[{"ancestorTitles":["Another flaky test"],"fullName":"Another flaky test should be also flaky","status":"passed","title":"should be also flaky","duration":0,"failureMessages":[],"meta":{}}],"startTime":1722448909371,"endTime":1722448909371,"status":"passed","message":"","name":"/Users/scott.kaye/Code/Personal/playground/test/flaky2.test.js"}]}